<?xml version="1.0" encoding="UTF-8"?>
<!-- Generated by org.testng.reporters.JUnitReportReporter -->
<testsuite hostname="CAV-PC" name="Kayak.Kayak.PageTest" tests="3" failures="0" timestamp="16 Jul 2016 00:28:55 GMT" time="0.338" errors="0">
  <testcase name="originTextTest" time="0.084" classname="Kayak.Kayak.PageTest"/>
  <testcase name="destinationTextTest" time="0.085" classname="Kayak.Kayak.PageTest"/>
  <testcase name="changeButtonTest" time="0.169" classname="Kayak.Kayak.PageTest"/>
</testsuite> <!-- Kayak.Kayak.PageTest -->
